2026-02-22T20:27:59Z [INFO] ============================================================
2026-02-22T20:27:59Z [INFO] FastLoop Scheduler starting
2026-02-22T20:27:59Z [INFO]   Mode:     collect
2026-02-22T20:27:59Z [INFO]   Asset:    BTC 5m
2026-02-22T20:27:59Z [INFO]   Interval: 20s
2026-02-22T20:27:59Z [INFO]   DB:       /data/signal_research.db
2026-02-22T20:27:59Z [INFO]   Hours:    Mon–Fri 14:30–21:00 UTC
2026-02-22T20:27:59Z [INFO] ============================================================
2026-02-22T20:27:59Z [INFO] Market CLOSED (Sunday) — opens in 18h 2m
2026-02-22T20:36:11Z [INFO] Received signal 15, shutting down gracefully...
2026-02-22T20:36:12Z [INFO] Scheduler stopped.
2026-02-22T20:36:15Z [INFO] ============================================================
2026-02-22T20:36:15Z [INFO] FastLoop Scheduler starting
2026-02-22T20:36:15Z [INFO]   Mode:     dry
2026-02-22T20:36:15Z [INFO]   Asset:    BTC 5m
2026-02-22T20:36:15Z [INFO]   Interval: 20s
2026-02-22T20:36:15Z [INFO]   DB:       /data/signal_research.db
2026-02-22T20:36:15Z [INFO]   Hours:    Mon–Fri 14:30–21:00 UTC
2026-02-22T20:36:15Z [INFO] ============================================================
2026-02-22T20:36:15Z [INFO] Market CLOSED (Sunday) — opens in 17h 53m
2026-02-22T22:10:53Z [INFO] Received signal 15, shutting down gracefully...
2026-02-22T22:10:53Z [INFO] Scheduler stopped.
2026-02-22T22:10:56Z [INFO] ============================================================
2026-02-22T22:10:56Z [INFO] FastLoop Scheduler starting
2026-02-22T22:10:56Z [INFO]   Mode:     dry
2026-02-22T22:10:56Z [INFO]   Asset:    BTC 5m
2026-02-22T22:10:56Z [INFO]   Interval: 20s
2026-02-22T22:10:56Z [INFO]   DB:       /data/signal_research.db
2026-02-22T22:10:56Z [INFO]   Hours:    Mon–Fri 14:30–21:00 UTC
2026-02-22T22:10:56Z [INFO] ============================================================
2026-02-22T22:10:56Z [INFO] Market CLOSED (Sunday) — opens in 16h 19m
2026-02-22T22:11:57Z [INFO] Received signal 15, shutting down gracefully...
2026-02-22T22:11:57Z [INFO] Scheduler stopped.
2026-02-22T22:12:00Z [INFO] ============================================================
2026-02-22T22:12:00Z [INFO] FastLoop Scheduler starting
2026-02-22T22:12:00Z [INFO]   Mode:     collect
2026-02-22T22:12:00Z [INFO]   Asset:    BTC 5m
2026-02-22T22:12:00Z [INFO]   Interval: 20s
2026-02-22T22:12:00Z [INFO]   DB:       /data/signal_research.db
2026-02-22T22:12:00Z [INFO]   Hours:    Mon–Fri 14:30–21:00 UTC
2026-02-22T22:12:00Z [INFO] ============================================================
2026-02-22T22:12:00Z [INFO] Market CLOSED (Sunday) — opens in 16h 17m
2026-02-22T22:35:31Z [INFO] Received signal 15, shutting down gracefully...
2026-02-22T22:35:32Z [INFO] Scheduler stopped.
2026-02-22T22:35:34Z [INFO] ============================================================
2026-02-22T22:35:34Z [INFO] FastLoop Scheduler starting
2026-02-22T22:35:34Z [INFO]   Mode:     collect
2026-02-22T22:35:34Z [INFO]   Asset:    BTC 5m
2026-02-22T22:35:34Z [INFO]   Interval: 20s
2026-02-22T22:35:34Z [INFO]   DB:       /data/signal_research.db
2026-02-22T22:35:34Z [INFO]   Hours:    Mon–Fri 14:30–21:00 UTC
2026-02-22T22:35:34Z [INFO] ============================================================
2026-02-22T22:35:34Z [INFO] Market CLOSED (Sunday) — opens in 15h 54m
2026-02-23T14:30:30Z [INFO] [cycle 1] OPEN — closes in 389m (21:00 UTC)
2026-02-23T14:30:50Z [INFO] [cycle 2] OPEN — closes in 389m (21:00 UTC)
2026-02-23T14:31:11Z [INFO] [cycle 3] OPEN — closes in 389m (21:00 UTC)
2026-02-23T14:31:31Z [INFO] [cycle 4] OPEN — closes in 388m (21:00 UTC)
2026-02-23T14:31:52Z [INFO] [cycle 5] OPEN — closes in 388m (21:00 UTC)
2026-02-23T14:32:12Z [INFO] [cycle 6] OPEN — closes in 388m (21:00 UTC)
2026-02-23T14:32:33Z [INFO] [cycle 7] OPEN — closes in 387m (21:00 UTC)
2026-02-23T14:32:53Z [INFO] [cycle 8] OPEN — closes in 387m (21:00 UTC)
2026-02-23T14:33:13Z [INFO] [cycle 9] OPEN — closes in 387m (21:00 UTC)
2026-02-23T14:33:35Z [INFO] [cycle 10] OPEN — closes in 386m (21:00 UTC)
2026-02-23T14:33:55Z [INFO] [cycle 11] OPEN — closes in 386m (21:00 UTC)
2026-02-23T14:34:16Z [INFO] [cycle 12] OPEN — closes in 386m (21:00 UTC)
2026-02-23T14:34:36Z [INFO] [cycle 13] OPEN — closes in 385m (21:00 UTC)
2026-02-23T14:34:56Z [INFO] [cycle 14] OPEN — closes in 385m (21:00 UTC)
2026-02-23T14:35:17Z [INFO] [cycle 15] OPEN — closes in 385m (21:00 UTC)
2026-02-23T14:35:37Z [INFO] [cycle 16] OPEN — closes in 384m (21:00 UTC)
2026-02-23T14:35:58Z [INFO] [cycle 17] OPEN — closes in 384m (21:00 UTC)
2026-02-23T14:36:18Z [INFO] [cycle 18] OPEN — closes in 384m (21:00 UTC)
2026-02-23T14:36:38Z [INFO] [cycle 19] OPEN — closes in 383m (21:00 UTC)
2026-02-23T14:36:59Z [INFO] [cycle 20] OPEN — closes in 383m (21:00 UTC)
2026-02-23T14:37:19Z [INFO] [cycle 21] OPEN — closes in 383m (21:00 UTC)
2026-02-23T14:37:39Z [INFO] [cycle 22] OPEN — closes in 382m (21:00 UTC)
2026-02-23T14:38:00Z [INFO] [cycle 23] OPEN — closes in 382m (21:00 UTC)
2026-02-23T14:38:20Z [INFO] [cycle 24] OPEN — closes in 382m (21:00 UTC)
2026-02-23T14:38:41Z [INFO] [cycle 25] OPEN — closes in 381m (21:00 UTC)
2026-02-23T14:39:01Z [INFO] [cycle 26] OPEN — closes in 381m (21:00 UTC)
2026-02-23T14:39:21Z [INFO] [cycle 27] OPEN — closes in 381m (21:00 UTC)
2026-02-23T14:39:42Z [INFO] [cycle 28] OPEN — closes in 380m (21:00 UTC)
2026-02-23T14:40:02Z [INFO] [cycle 29] OPEN — closes in 380m (21:00 UTC)
2026-02-23T14:40:23Z [INFO] [cycle 30] OPEN — closes in 380m (21:00 UTC)
2026-02-23T14:40:43Z [INFO] [cycle 31] OPEN — closes in 379m (21:00 UTC)
2026-02-23T14:41:04Z [INFO] [cycle 32] OPEN — closes in 379m (21:00 UTC)
2026-02-23T14:41:26Z [INFO] [cycle 33] OPEN — closes in 379m (21:00 UTC)
2026-02-23T14:41:47Z [INFO] [cycle 34] OPEN — closes in 378m (21:00 UTC)
2026-02-23T14:42:08Z [INFO] [cycle 35] OPEN — closes in 378m (21:00 UTC)
2026-02-23T14:42:28Z [INFO] [cycle 36] OPEN — closes in 378m (21:00 UTC)
2026-02-23T14:42:48Z [INFO] [cycle 37] OPEN — closes in 377m (21:00 UTC)
2026-02-23T14:43:09Z [INFO] [cycle 38] OPEN — closes in 377m (21:00 UTC)
2026-02-23T14:43:29Z [INFO] [cycle 39] OPEN — closes in 377m (21:00 UTC)
2026-02-23T14:43:50Z [INFO] [cycle 40] OPEN — closes in 376m (21:00 UTC)
2026-02-23T14:44:10Z [INFO] [cycle 41] OPEN — closes in 376m (21:00 UTC)
2026-02-23T14:44:30Z [INFO] [cycle 42] OPEN — closes in 375m (21:00 UTC)
2026-02-23T14:44:51Z [INFO] [cycle 43] OPEN — closes in 375m (21:00 UTC)
2026-02-23T14:45:11Z [INFO] [cycle 44] OPEN — closes in 375m (21:00 UTC)
2026-02-23T14:45:32Z [INFO] [cycle 45] OPEN — closes in 374m (21:00 UTC)
2026-02-23T14:45:52Z [INFO] [cycle 46] OPEN — closes in 374m (21:00 UTC)
2026-02-23T14:46:13Z [INFO] [cycle 47] OPEN — closes in 374m (21:00 UTC)
2026-02-23T14:46:33Z [INFO] [cycle 48] OPEN — closes in 373m (21:00 UTC)
2026-02-23T14:46:54Z [INFO] [cycle 49] OPEN — closes in 373m (21:00 UTC)
2026-02-23T14:47:14Z [INFO] [cycle 50] OPEN — closes in 373m (21:00 UTC)
2026-02-23T14:47:35Z [INFO] [cycle 51] OPEN — closes in 372m (21:00 UTC)
2026-02-23T14:47:55Z [INFO] [cycle 52] OPEN — closes in 372m (21:00 UTC)
2026-02-23T14:48:16Z [INFO] [cycle 53] OPEN — closes in 372m (21:00 UTC)
2026-02-23T14:48:36Z [INFO] [cycle 54] OPEN — closes in 371m (21:00 UTC)
2026-02-23T14:48:56Z [INFO] [cycle 55] OPEN — closes in 371m (21:00 UTC)
2026-02-23T14:49:17Z [INFO] [cycle 56] OPEN — closes in 371m (21:00 UTC)
2026-02-23T14:49:37Z [INFO] [cycle 57] OPEN — closes in 370m (21:00 UTC)
2026-02-23T14:49:58Z [INFO] [cycle 58] OPEN — closes in 370m (21:00 UTC)
2026-02-23T14:50:20Z [INFO] [cycle 59] OPEN — closes in 370m (21:00 UTC)
2026-02-23T14:50:40Z [INFO] [cycle 60] OPEN — closes in 369m (21:00 UTC)
2026-02-23T14:51:00Z [INFO] [cycle 61] OPEN — closes in 369m (21:00 UTC)
2026-02-23T14:51:21Z [INFO] [cycle 62] OPEN — closes in 369m (21:00 UTC)
2026-02-23T14:51:41Z [INFO] [cycle 63] OPEN — closes in 368m (21:00 UTC)
2026-02-23T14:52:02Z [INFO] [cycle 64] OPEN — closes in 368m (21:00 UTC)
2026-02-23T14:52:22Z [INFO] [cycle 65] OPEN — closes in 368m (21:00 UTC)
2026-02-23T14:52:43Z [INFO] [cycle 66] OPEN — closes in 367m (21:00 UTC)
2026-02-23T14:53:03Z [INFO] [cycle 67] OPEN — closes in 367m (21:00 UTC)
2026-02-23T14:53:23Z [INFO] [cycle 68] OPEN — closes in 367m (21:00 UTC)
2026-02-23T14:53:44Z [INFO] [cycle 69] OPEN — closes in 366m (21:00 UTC)
2026-02-23T14:54:04Z [INFO] [cycle 70] OPEN — closes in 366m (21:00 UTC)
2026-02-23T14:54:25Z [INFO] [cycle 71] OPEN — closes in 366m (21:00 UTC)
2026-02-23T14:54:45Z [INFO] [cycle 72] OPEN — closes in 365m (21:00 UTC)
2026-02-23T14:55:05Z [INFO] [cycle 73] OPEN — closes in 365m (21:00 UTC)
2026-02-23T14:55:26Z [INFO] [cycle 74] OPEN — closes in 365m (21:00 UTC)
2026-02-23T14:55:46Z [INFO] [cycle 75] OPEN — closes in 364m (21:00 UTC)
2026-02-23T14:56:07Z [INFO] [cycle 76] OPEN — closes in 364m (21:00 UTC)
2026-02-23T14:56:27Z [INFO] [cycle 77] OPEN — closes in 364m (21:00 UTC)
2026-02-23T14:56:48Z [INFO] [cycle 78] OPEN — closes in 363m (21:00 UTC)
2026-02-23T14:57:09Z [INFO] [cycle 79] OPEN — closes in 363m (21:00 UTC)
2026-02-23T14:57:29Z [INFO] [cycle 80] OPEN — closes in 363m (21:00 UTC)
2026-02-23T14:57:49Z [INFO] [cycle 81] OPEN — closes in 362m (21:00 UTC)
2026-02-23T14:58:10Z [INFO] [cycle 82] OPEN — closes in 362m (21:00 UTC)
2026-02-23T14:58:30Z [INFO] [cycle 83] OPEN — closes in 361m (21:00 UTC)
2026-02-23T14:58:51Z [INFO] [cycle 84] OPEN — closes in 361m (21:00 UTC)
2026-02-23T14:59:11Z [INFO] [cycle 85] OPEN — closes in 361m (21:00 UTC)
2026-02-23T14:59:32Z [INFO] [cycle 86] OPEN — closes in 360m (21:00 UTC)
2026-02-23T14:59:52Z [INFO] [cycle 87] OPEN — closes in 360m (21:00 UTC)
2026-02-23T15:00:12Z [INFO] [cycle 88] OPEN — closes in 360m (21:00 UTC)
2026-02-23T15:00:33Z [INFO] [cycle 89] OPEN — closes in 359m (21:00 UTC)
2026-02-23T15:00:53Z [INFO] [cycle 90] OPEN — closes in 359m (21:00 UTC)
2026-02-23T15:01:13Z [INFO] [cycle 91] OPEN — closes in 359m (21:00 UTC)
2026-02-23T15:01:38Z [INFO] [cycle 92] OPEN — closes in 358m (21:00 UTC)
2026-02-23T15:01:58Z [INFO] [cycle 93] OPEN — closes in 358m (21:00 UTC)
2026-02-23T15:02:18Z [INFO] [cycle 94] OPEN — closes in 358m (21:00 UTC)
2026-02-23T15:02:39Z [INFO] [cycle 95] OPEN — closes in 357m (21:00 UTC)
2026-02-23T15:02:59Z [INFO] [cycle 96] OPEN — closes in 357m (21:00 UTC)
2026-02-23T15:03:20Z [INFO] [cycle 97] OPEN — closes in 357m (21:00 UTC)
2026-02-23T15:03:40Z [INFO] [cycle 98] OPEN — closes in 356m (21:00 UTC)
2026-02-23T15:04:00Z [INFO] [cycle 99] OPEN — closes in 356m (21:00 UTC)
2026-02-23T15:04:21Z [INFO] [cycle 100] OPEN — closes in 356m (21:00 UTC)
2026-02-23T15:04:41Z [INFO] [cycle 101] OPEN — closes in 355m (21:00 UTC)
2026-02-23T15:05:01Z [INFO] [cycle 102] OPEN — closes in 355m (21:00 UTC)
2026-02-23T15:05:22Z [INFO] [cycle 103] OPEN — closes in 355m (21:00 UTC)
2026-02-23T15:05:42Z [INFO] [cycle 104] OPEN — closes in 354m (21:00 UTC)
2026-02-23T15:06:02Z [INFO] [cycle 105] OPEN — closes in 354m (21:00 UTC)
2026-02-23T15:06:23Z [INFO] [cycle 106] OPEN — closes in 354m (21:00 UTC)
2026-02-23T15:06:43Z [INFO] [cycle 107] OPEN — closes in 353m (21:00 UTC)
2026-02-23T15:07:04Z [INFO] [cycle 108] OPEN — closes in 353m (21:00 UTC)
2026-02-23T15:07:24Z [INFO] [cycle 109] OPEN — closes in 353m (21:00 UTC)
2026-02-23T15:07:44Z [INFO] [cycle 110] OPEN — closes in 352m (21:00 UTC)
2026-02-23T15:08:05Z [INFO] [cycle 111] OPEN — closes in 352m (21:00 UTC)
2026-02-23T15:08:25Z [INFO] [cycle 112] OPEN — closes in 352m (21:00 UTC)
2026-02-23T15:08:46Z [INFO] [cycle 113] OPEN — closes in 351m (21:00 UTC)
2026-02-23T15:09:06Z [INFO] [cycle 114] OPEN — closes in 351m (21:00 UTC)
2026-02-23T15:09:27Z [INFO] [cycle 115] OPEN — closes in 351m (21:00 UTC)
2026-02-23T15:09:47Z [INFO] [cycle 116] OPEN — closes in 350m (21:00 UTC)
2026-02-23T15:10:07Z [INFO] [cycle 117] OPEN — closes in 350m (21:00 UTC)
2026-02-23T15:10:28Z [INFO] [cycle 118] OPEN — closes in 350m (21:00 UTC)
2026-02-23T15:10:48Z [INFO] [cycle 119] OPEN — closes in 349m (21:00 UTC)
2026-02-23T15:11:08Z [INFO] [cycle 120] OPEN — closes in 349m (21:00 UTC)
2026-02-23T15:11:29Z [INFO] [cycle 121] OPEN — closes in 349m (21:00 UTC)
2026-02-23T15:11:50Z [INFO] [cycle 122] OPEN — closes in 348m (21:00 UTC)
2026-02-23T15:12:10Z [INFO] [cycle 123] OPEN — closes in 348m (21:00 UTC)
2026-02-23T15:12:30Z [INFO] [cycle 124] OPEN — closes in 347m (21:00 UTC)
2026-02-23T15:12:51Z [INFO] [cycle 125] OPEN — closes in 347m (21:00 UTC)
2026-02-23T15:13:12Z [INFO] [cycle 126] OPEN — closes in 347m (21:00 UTC)
2026-02-23T15:13:32Z [INFO] [cycle 127] OPEN — closes in 346m (21:00 UTC)
2026-02-23T15:13:53Z [INFO] [cycle 128] OPEN — closes in 346m (21:00 UTC)
2026-02-23T15:14:13Z [INFO] [cycle 129] OPEN — closes in 346m (21:00 UTC)
2026-02-23T15:14:33Z [INFO] [cycle 130] OPEN — closes in 345m (21:00 UTC)
2026-02-23T15:14:54Z [INFO] [cycle 131] OPEN — closes in 345m (21:00 UTC)
2026-02-23T15:15:14Z [INFO] [cycle 132] OPEN — closes in 345m (21:00 UTC)
2026-02-23T15:15:35Z [INFO] [cycle 133] OPEN — closes in 344m (21:00 UTC)
2026-02-23T15:15:55Z [INFO] [cycle 134] OPEN — closes in 344m (21:00 UTC)
2026-02-23T15:16:15Z [INFO] [cycle 135] OPEN — closes in 344m (21:00 UTC)
2026-02-23T15:16:36Z [INFO] [cycle 136] OPEN — closes in 343m (21:00 UTC)
2026-02-23T15:16:56Z [INFO] [cycle 137] OPEN — closes in 343m (21:00 UTC)
2026-02-23T15:17:16Z [INFO] [cycle 138] OPEN — closes in 343m (21:00 UTC)
2026-02-23T15:17:37Z [INFO] [cycle 139] OPEN — closes in 342m (21:00 UTC)
2026-02-23T15:17:57Z [INFO] [cycle 140] OPEN — closes in 342m (21:00 UTC)
2026-02-23T15:18:18Z [INFO] [cycle 141] OPEN — closes in 342m (21:00 UTC)
2026-02-23T15:18:38Z [INFO] [cycle 142] OPEN — closes in 341m (21:00 UTC)
2026-02-23T15:18:59Z [INFO] [cycle 143] OPEN — closes in 341m (21:00 UTC)
2026-02-23T15:19:19Z [INFO] [cycle 144] OPEN — closes in 341m (21:00 UTC)
2026-02-23T15:19:39Z [INFO] [cycle 145] OPEN — closes in 340m (21:00 UTC)
2026-02-23T15:20:00Z [INFO] [cycle 146] OPEN — closes in 340m (21:00 UTC)
2026-02-23T15:20:20Z [INFO] [cycle 147] OPEN — closes in 340m (21:00 UTC)
2026-02-23T15:20:41Z [INFO] [cycle 148] OPEN — closes in 339m (21:00 UTC)
2026-02-23T15:21:01Z [INFO] [cycle 149] OPEN — closes in 339m (21:00 UTC)
2026-02-23T15:21:22Z [INFO] [cycle 150] OPEN — closes in 339m (21:00 UTC)
2026-02-23T15:21:42Z [INFO] [cycle 151] OPEN — closes in 338m (21:00 UTC)
2026-02-23T15:22:03Z [INFO] [cycle 152] OPEN — closes in 338m (21:00 UTC)
2026-02-23T15:22:23Z [INFO] [cycle 153] OPEN — closes in 338m (21:00 UTC)
2026-02-23T15:22:43Z [INFO] [cycle 154] OPEN — closes in 337m (21:00 UTC)
2026-02-23T15:23:04Z [INFO] [cycle 155] OPEN — closes in 337m (21:00 UTC)
2026-02-23T15:23:24Z [INFO] [cycle 156] OPEN — closes in 337m (21:00 UTC)
2026-02-23T15:23:44Z [INFO] [cycle 157] OPEN — closes in 336m (21:00 UTC)
2026-02-23T15:24:05Z [INFO] [cycle 158] OPEN — closes in 336m (21:00 UTC)
2026-02-23T15:24:25Z [INFO] [cycle 159] OPEN — closes in 336m (21:00 UTC)
2026-02-23T15:24:46Z [INFO] [cycle 160] OPEN — closes in 335m (21:00 UTC)
2026-02-23T15:25:06Z [INFO] [cycle 161] OPEN — closes in 335m (21:00 UTC)
2026-02-23T15:25:27Z [INFO] [cycle 162] OPEN — closes in 335m (21:00 UTC)
2026-02-23T15:25:47Z [INFO] [cycle 163] OPEN — closes in 334m (21:00 UTC)
2026-02-23T15:26:07Z [INFO] [cycle 164] OPEN — closes in 334m (21:00 UTC)
2026-02-23T15:26:28Z [INFO] [cycle 165] OPEN — closes in 334m (21:00 UTC)
2026-02-23T15:26:48Z [INFO] [cycle 166] OPEN — closes in 333m (21:00 UTC)
2026-02-23T15:27:08Z [INFO] [cycle 167] OPEN — closes in 333m (21:00 UTC)
2026-02-23T15:27:29Z [INFO] [cycle 168] OPEN — closes in 333m (21:00 UTC)
2026-02-23T15:27:49Z [INFO] [cycle 169] OPEN — closes in 332m (21:00 UTC)
2026-02-23T15:28:10Z [INFO] [cycle 170] OPEN — closes in 332m (21:00 UTC)
2026-02-23T15:28:30Z [INFO] [cycle 171] OPEN — closes in 331m (21:00 UTC)
2026-02-23T15:28:51Z [INFO] [cycle 172] OPEN — closes in 331m (21:00 UTC)
2026-02-23T15:29:11Z [INFO] [cycle 173] OPEN — closes in 331m (21:00 UTC)
2026-02-23T15:29:31Z [INFO] [cycle 174] OPEN — closes in 330m (21:00 UTC)
2026-02-23T15:29:52Z [INFO] [cycle 175] OPEN — closes in 330m (21:00 UTC)
2026-02-23T15:30:12Z [INFO] [cycle 176] OPEN — closes in 330m (21:00 UTC)
2026-02-23T15:30:33Z [INFO] [cycle 177] OPEN — closes in 329m (21:00 UTC)
2026-02-23T15:30:53Z [INFO] [cycle 178] OPEN — closes in 329m (21:00 UTC)
2026-02-23T15:31:14Z [INFO] [cycle 179] OPEN — closes in 329m (21:00 UTC)
2026-02-23T15:31:34Z [INFO] [cycle 180] OPEN — closes in 328m (21:00 UTC)
2026-02-23T15:31:55Z [INFO] [cycle 181] OPEN — closes in 328m (21:00 UTC)
2026-02-23T15:32:15Z [INFO] [cycle 182] OPEN — closes in 328m (21:00 UTC)
2026-02-23T15:32:36Z [INFO] [cycle 183] OPEN — closes in 327m (21:00 UTC)
2026-02-23T15:32:56Z [INFO] [cycle 184] OPEN — closes in 327m (21:00 UTC)
2026-02-23T15:33:17Z [INFO] [cycle 185] OPEN — closes in 327m (21:00 UTC)
2026-02-23T15:33:37Z [INFO] [cycle 186] OPEN — closes in 326m (21:00 UTC)
2026-02-23T15:33:57Z [INFO] [cycle 187] OPEN — closes in 326m (21:00 UTC)
2026-02-23T15:34:18Z [INFO] [cycle 188] OPEN — closes in 326m (21:00 UTC)
2026-02-23T15:34:38Z [INFO] [cycle 189] OPEN — closes in 325m (21:00 UTC)
2026-02-23T15:34:59Z [INFO] [cycle 190] OPEN — closes in 325m (21:00 UTC)
2026-02-23T15:35:20Z [INFO] [cycle 191] OPEN — closes in 325m (21:00 UTC)
2026-02-23T15:35:40Z [INFO] [cycle 192] OPEN — closes in 324m (21:00 UTC)
2026-02-23T15:36:00Z [INFO] [cycle 193] OPEN — closes in 324m (21:00 UTC)
2026-02-23T15:36:21Z [INFO] [cycle 194] OPEN — closes in 324m (21:00 UTC)
2026-02-23T15:36:41Z [INFO] [cycle 195] OPEN — closes in 323m (21:00 UTC)
2026-02-23T15:37:02Z [INFO] [cycle 196] OPEN — closes in 323m (21:00 UTC)
2026-02-23T15:37:22Z [INFO] [cycle 197] OPEN — closes in 323m (21:00 UTC)
2026-02-23T15:37:43Z [INFO] [cycle 198] OPEN — closes in 322m (21:00 UTC)
2026-02-23T15:38:03Z [INFO] [cycle 199] OPEN — closes in 322m (21:00 UTC)
2026-02-23T15:38:23Z [INFO] [cycle 200] OPEN — closes in 322m (21:00 UTC)
2026-02-23T15:38:44Z [INFO] [cycle 201] OPEN — closes in 321m (21:00 UTC)
2026-02-23T15:39:04Z [INFO] [cycle 202] OPEN — closes in 321m (21:00 UTC)
2026-02-23T15:39:25Z [INFO] [cycle 203] OPEN — closes in 321m (21:00 UTC)
2026-02-23T15:39:45Z [INFO] [cycle 204] OPEN — closes in 320m (21:00 UTC)
2026-02-23T15:40:05Z [INFO] [cycle 205] OPEN — closes in 320m (21:00 UTC)
2026-02-23T15:40:26Z [INFO] [cycle 206] OPEN — closes in 320m (21:00 UTC)
2026-02-23T15:40:46Z [INFO] [cycle 207] OPEN — closes in 319m (21:00 UTC)
2026-02-23T15:41:06Z [INFO] [cycle 208] OPEN — closes in 319m (21:00 UTC)
2026-02-23T15:41:27Z [INFO] [cycle 209] OPEN — closes in 319m (21:00 UTC)
2026-02-23T15:41:47Z [INFO] [cycle 210] OPEN — closes in 318m (21:00 UTC)
2026-02-23T15:42:08Z [INFO] [cycle 211] OPEN — closes in 318m (21:00 UTC)
2026-02-23T15:42:28Z [INFO] [cycle 212] OPEN — closes in 318m (21:00 UTC)
2026-02-23T15:42:48Z [INFO] [cycle 213] OPEN — closes in 317m (21:00 UTC)
2026-02-23T15:43:09Z [INFO] [cycle 214] OPEN — closes in 317m (21:00 UTC)
2026-02-23T15:43:30Z [INFO] [cycle 215] OPEN — closes in 316m (21:00 UTC)
2026-02-23T15:43:50Z [INFO] [cycle 216] OPEN — closes in 316m (21:00 UTC)
2026-02-23T15:44:10Z [INFO] [cycle 217] OPEN — closes in 316m (21:00 UTC)
